{
  "stats": {
    "suites": 0,
    "tests": 5,
    "passes": 5,
    "pending": 0,
    "failures": 0,
    "start": "2023-09-02T08:18:51.193Z",
    "end": "2023-09-02T08:19:02.027Z",
    "duration": 10834,
    "testsRegistered": 5,
    "passPercent": 100,
    "pendingPercent": 0,
    "other": 0,
    "hasOther": false,
    "skipped": 0,
    "hasSkipped": false
  },
  "results": [
    {
      "uuid": "53995246-0cd5-4530-907f-f14aa2e5a8f4",
      "title": "",
      "fullFile": "cypress\\e2e\\login.cy.ts",
      "file": "cypress\\e2e\\login.cy.ts",
      "beforeHooks": [],
      "afterHooks": [],
      "tests": [
        {
          "title": "Test LOGIN",
          "fullTitle": "Test LOGIN",
          "timedOut": null,
          "duration": 3182,
          "state": "passed",
          "speed": "fast",
          "pass": true,
          "fail": false,
          "pending": false,
          "context": null,
          "code": "loginPage.login(URL, 'standard_user', 'secret_sauce');\nloginPage.assertLogin();",
          "err": {},
          "uuid": "1195f54f-4766-49d3-b8b9-d69880af31a2",
          "parentUUID": "53995246-0cd5-4530-907f-f14aa2e5a8f4",
          "isHook": false,
          "skipped": false
        },
        {
          "title": "Test Sauce Demo Invalid Password",
          "fullTitle": "Test Sauce Demo Invalid Password",
          "timedOut": null,
          "duration": 1126,
          "state": "passed",
          "speed": "fast",
          "pass": true,
          "fail": false,
          "pending": false,
          "context": null,
          "code": "loginPage.login(URL, 'standard_user', 'invalidPass');\nloginPage.assertLoginFail();",
          "err": {},
          "uuid": "029f1e1b-6b50-4fa2-9d45-15de949784c1",
          "parentUUID": "53995246-0cd5-4530-907f-f14aa2e5a8f4",
          "isHook": false,
          "skipped": false
        },
        {
          "title": "Test Sauce Demo Sauce labs product backpack",
          "fullTitle": "Test Sauce Demo Sauce labs product backpack",
          "timedOut": null,
          "duration": 992,
          "state": "passed",
          "speed": "fast",
          "pass": true,
          "fail": false,
          "pending": false,
          "context": null,
          "code": "loginPage.login(URL, 'standard_user', 'secret_sauce');\nloginPage.assertLogin();\ndashboardPage.sauceLabsBackpack();",
          "err": {},
          "uuid": "ef8ef8c9-f00e-4534-a99f-5a0b8f28e8ae",
          "parentUUID": "53995246-0cd5-4530-907f-f14aa2e5a8f4",
          "isHook": false,
          "skipped": false
        },
        {
          "title": "Test Sauce Demo Add Product",
          "fullTitle": "Test Sauce Demo Add Product",
          "timedOut": null,
          "duration": 1191,
          "state": "passed",
          "speed": "fast",
          "pass": true,
          "fail": false,
          "pending": false,
          "context": null,
          "code": "loginPage.login(URL, 'standard_user', 'secret_sauce');\nloginPage.assertLogin();\ndashboardPage.sauceLabsBackpack();\nsauceLabsBackpackPage.addCart();",
          "err": {},
          "uuid": "353fa076-073f-4dce-9023-d74153cd18fb",
          "parentUUID": "53995246-0cd5-4530-907f-f14aa2e5a8f4",
          "isHook": false,
          "skipped": false
        },
        {
          "title": "Test Shopping Cart Product",
          "fullTitle": "Test Shopping Cart Product",
          "timedOut": null,
          "duration": 2108,
          "state": "passed",
          "speed": "fast",
          "pass": true,
          "fail": false,
          "pending": false,
          "context": null,
          "code": "loginPage.login(URL, 'standard_user', 'secret_sauce');\nloginPage.assertLogin();\ndashboardPage.sauceLabsBackpack();\nsauceLabsBackpackPage.addCart();\nshoppingCartPage.shoppingCart('aa', 'bb', '1234');",
          "err": {},
          "uuid": "6d75220b-961a-4ac7-8082-3e2d4a05a65f",
          "parentUUID": "53995246-0cd5-4530-907f-f14aa2e5a8f4",
          "isHook": false,
          "skipped": false
        }
      ],
      "suites": [],
      "passes": [
        "1195f54f-4766-49d3-b8b9-d69880af31a2",
        "029f1e1b-6b50-4fa2-9d45-15de949784c1",
        "ef8ef8c9-f00e-4534-a99f-5a0b8f28e8ae",
        "353fa076-073f-4dce-9023-d74153cd18fb",
        "6d75220b-961a-4ac7-8082-3e2d4a05a65f"
      ],
      "failures": [],
      "pending": [],
      "skipped": [],
      "duration": 8599,
      "root": true,
      "rootEmpty": false,
      "_timeout": 2000
    }
  ],
  "meta": {
    "mocha": {
      "version": "7.0.1"
    },
    "mochawesome": {
      "options": {
        "quiet": false,
        "reportFilename": "mochawesome",
        "saveHtml": false,
        "saveJson": true,
        "consoleReporter": "spec",
        "useInlineDiffs": false,
        "code": true
      },
      "version": "7.1.3"
    },
    "marge": {
      "options": {
        "chart": true,
        "overwrite": false,
        "html": false,
        "json": true,
        "reportDir": "cypress/reports"
      },
      "version": "6.2.0"
    }
  }
}